This is e-pTeX, Version 3.14159265-p3.5-130605-2.6 (utf8.euc) (TeX Live 2015/dev/Debian) (preloaded format=platex 2015.11.13)  13 NOV 2015 22:43
entering extended mode
 restricted \write18 enabled.
 %&-line parsing enabled.
**jp-Paper.tex
(./jp-Paper.tex
pLaTeX2e <2006/11/10> (based on LaTeX2e <2014/05/01> patch level 0)
Babel <3.9l> and hyphenation patterns for 11 languages loaded.
(/usr/share/texlive/texmf-dist/tex/latex/amscls/amsart.cls
Document Class: amsart 2009/07/02 v2.20.1
\linespacing=\dimen118
\normalparindent=\dimen119
\normaltopskip=\skip41
(/usr/share/texlive/texmf-dist/tex/latex/amsmath/amsmath.sty
Package: amsmath 2013/01/14 v2.14 AMS math features
\@mathmargin=\skip42

For additional information on amsmath, use the `?' option.
(/usr/share/texlive/texmf-dist/tex/latex/amsmath/amstext.sty
Package: amstext 2000/06/29 v2.01

(/usr/share/texlive/texmf-dist/tex/latex/amsmath/amsgen.sty
File: amsgen.sty 1999/11/30 v2.0
\@emptytoks=\toks15
\ex@=\dimen120
))
(/usr/share/texlive/texmf-dist/tex/latex/amsmath/amsbsy.sty
Package: amsbsy 1999/11/29 v1.2d
\pmbraise@=\dimen121
)
(/usr/share/texlive/texmf-dist/tex/latex/amsmath/amsopn.sty
Package: amsopn 1999/12/14 v2.01 operator names
)
\inf@bad=\count81
LaTeX Info: Redefining \frac on input line 210.
\uproot@=\count82
\leftroot@=\count83
LaTeX Info: Redefining \overline on input line 306.
\classnum@=\count84
\DOTSCASE@=\count85
LaTeX Info: Redefining \ldots on input line 378.
LaTeX Info: Redefining \dots on input line 381.
LaTeX Info: Redefining \cdots on input line 466.
\Mathstrutbox@=\box41
\strutbox@=\box42
\big@size=\dimen122
LaTeX Font Info:    Redeclaring font encoding OML on input line 566.
LaTeX Font Info:    Redeclaring font encoding OMS on input line 567.
\macc@depth=\count86
\c@MaxMatrixCols=\count87
\dotsspace@=\muskip10
\c@parentequation=\count88
\dspbrk@lvl=\count89
\tag@help=\toks16
\row@=\count90
\column@=\count91
\maxfields@=\count92
\andhelp@=\toks17
\eqnshift@=\dimen123
\alignsep@=\dimen124
\tagshift@=\dimen125
\tagwidth@=\dimen126
\totwidth@=\dimen127
\lineht@=\dimen128
\@envbody=\toks18
\multlinegap=\skip43
\multlinetaggap=\skip44
\mathdisplay@stack=\toks19
LaTeX Info: Redefining \[ on input line 2665.
LaTeX Info: Redefining \] on input line 2666.
)
(I search kanjifont definition file: . . ) (I search font definition file: . .
. . . . . )
LaTeX Font Info:    Try loading font information for U+msa on input line 388.
 (/usr/share/texlive/texmf-dist/tex/latex/amsfonts/umsa.fd
File: umsa.fd 2013/01/14 v3.01 AMS symbols A
)
(/usr/share/texlive/texmf-dist/tex/latex/amsfonts/amsfonts.sty
Package: amsfonts 2013/01/14 v3.01 Basic AMSFonts support
\symAMSa=\mathgroup4
\symAMSb=\mathgroup5
LaTeX Font Info:    Overwriting math alphabet `\mathfrak' in version `bold'
(Font)                  U/euf/m/n --> U/euf/b/n on input line 106.
)
\copyins=\insert233
\abstractbox=\box43
\listisep=\skip45
\c@part=\count93
\c@section=\count94
\c@subsection=\count95
\c@subsubsection=\count96
\c@paragraph=\count97
\c@subparagraph=\count98
\c@figure=\count99
\c@table=\count100
\abovecaptionskip=\skip46
\belowcaptionskip=\skip47
\captionindent=\dimen129
\thm@style=\toks20
\thm@bodyfont=\toks21
\thm@headfont=\toks22
\thm@notefont=\toks23
\thm@headpunct=\toks24
\thm@preskip=\skip48
\thm@postskip=\skip49
\thm@headsep=\skip50
\dth@everypar=\toks25
)
(/usr/share/texlive/texmf-dist/tex/latex/url/url.sty
\Urlmuskip=\muskip11
Package: url 2013/09/16  ver 3.4  Verb mode for urls, etc.
) (./cancel.sty
Package: cancel 2013/04/12 v2.2 Cancel math terms
)
(/usr/share/texlive/texmf-dist/tex/latex/tools/xspace.sty
Package: xspace 2014/10/28 v1.13 Space after command names (DPC,MH)
)
(/usr/share/texlive/texmf-dist/tex/latex/graphics/graphicx.sty
Package: graphicx 2014/04/25 v1.0g Enhanced LaTeX Graphics (DPC,SPQR)

(/usr/share/texlive/texmf-dist/tex/latex/graphics/keyval.sty
Package: keyval 2014/05/08 v1.15 key=value parser (DPC)
\KV@toks@=\toks26
)
(/usr/share/texlive/texmf-dist/tex/latex/graphics/graphics.sty
Package: graphics 2009/02/05 v1.0o Standard LaTeX Graphics (DPC,SPQR)

(/usr/share/texlive/texmf-dist/tex/latex/graphics/trig.sty
Package: trig 1999/03/16 v1.09 sin cos tan (DPC)
)
(/usr/share/texlive/texmf-dist/tex/latex/latexconfig/graphics.cfg
File: graphics.cfg 2010/04/23 v1.9 graphics configuration of TeX Live
)
Package graphics Info: Driver file: dvips.def on input line 91.

(/usr/share/texlive/texmf-dist/tex/latex/graphics/dvips.def
File: dvips.def 2014/04/23 v3.0j Driver-dependant file (DPC,SPQR)
))
\Gin@req@height=\dimen130
\Gin@req@width=\dimen131
)
(/usr/share/texlive/texmf-dist/tex/latex/tools/multicol.sty
Package: multicol 2014/10/28 v1.8i multicolumn formatting (FMi)
\c@tracingmulticols=\count101
\mult@box=\box44
\multicol@leftmargin=\dimen132
\c@unbalance=\count102
\c@collectmore=\count103
\doublecol@number=\count104
\multicoltolerance=\count105
\multicolpretolerance=\count106
\full@width=\dimen133
\page@free=\dimen134
\premulticols=\dimen135
\postmulticols=\dimen136
\multicolsep=\skip51
\multicolbaselineskip=\skip52
\partial@page=\box45
\last@line=\box46
\maxbalancingoverflow=\dimen137
\mult@rightbox=\box47
\mult@grightbox=\box48
\mult@gfirstbox=\box49
\mult@firstbox=\box50
\@tempa=\box51
\@tempa=\box52
\@tempa=\box53
\@tempa=\box54
\@tempa=\box55
\@tempa=\box56
\@tempa=\box57
\@tempa=\box58
\@tempa=\box59
\@tempa=\box60
\@tempa=\box61
\@tempa=\box62
\@tempa=\box63
\@tempa=\box64
\@tempa=\box65
\@tempa=\box66
\@tempa=\box67
\c@columnbadness=\count107
\c@finalcolumnbadness=\count108
\last@try=\dimen138
\multicolovershoot=\dimen139
\multicolundershoot=\dimen140
\mult@nat@firstbox=\box68
\colbreak@box=\box69
\mc@col@check@num=\count109
)
(/usr/share/texlive/texmf-dist/tex/latex/subfig/subfig.sty
Package: subfig 2005/06/28 ver: 1.3 subfig package

(/usr/share/texlive/texmf-dist/tex/latex/caption/caption.sty
Package: caption 2013/05/02 v3.3-89 Customizing captions (AR)

(/usr/share/texlive/texmf-dist/tex/latex/caption/caption3.sty
Package: caption3 2013/05/02 v1.6-88 caption3 kernel (AR)
Package caption3 Info: TeX engine: e-TeX on input line 57.
\captionmargin=\dimen141
\captionmargin@=\dimen142
\captionwidth=\dimen143
\caption@tempdima=\dimen144
\caption@indent=\dimen145
\caption@parindent=\dimen146
\caption@hangindent=\dimen147
)
Package caption Info: AMS or SMF document class.
\c@ContinuedFloat=\count110
)
\c@KVtest=\count111
\sf@farskip=\skip53
\sf@captopadj=\dimen148
\sf@capskip=\skip54
\sf@nearskip=\skip55
\c@subfigure=\count112
\c@subfigure@save=\count113
\c@lofdepth=\count114
\c@subtable=\count115
\c@subtable@save=\count116
\c@lotdepth=\count117
\sf@top=\skip56
\sf@bottom=\skip57
)
(/usr/share/texlive/texmf-dist/tex/latex/amsfonts/amssymb.sty
Package: amssymb 2013/01/14 v3.01 AMS font symbols
)
(/usr/share/texlive/texmf-dist/tex/latex/geometry/geometry.sty
Package: geometry 2010/09/12 v5.6 Page Geometry

(/usr/share/texlive/texmf-dist/tex/generic/oberdiek/ifpdf.sty
Package: ifpdf 2011/01/30 v2.3 Provides the ifpdf switch (HO)
Package ifpdf Info: pdfTeX in PDF mode is not detected.
)
(/usr/share/texlive/texmf-dist/tex/generic/oberdiek/ifvtex.sty
Package: ifvtex 2010/03/01 v1.5 Detect VTeX and its facilities (HO)
Package ifvtex Info: VTeX not detected.
)
(/usr/share/texlive/texmf-dist/tex/generic/ifxetex/ifxetex.sty
Package: ifxetex 2010/09/12 v0.6 Provides ifxetex conditional
)
\Gm@cnth=\count118
\Gm@cntv=\count119
\c@Gm@tempcnt=\count120
\Gm@bindingoffset=\dimen149
\Gm@wd@mp=\dimen150
\Gm@odd@mp=\dimen151
\Gm@even@mp=\dimen152
\Gm@layoutwidth=\dimen153
\Gm@layoutheight=\dimen154
\Gm@layouthoffset=\dimen155
\Gm@layoutvoffset=\dimen156
\Gm@dimlist=\toks27
)
(/usr/share/texlive/texmf-dist/tex/latex/booktabs/booktabs.sty
Package: booktabs 2005/04/14 v1.61803 publication quality tables
\heavyrulewidth=\dimen157
\lightrulewidth=\dimen158
\cmidrulewidth=\dimen159
\belowrulesep=\dimen160
\belowbottomsep=\dimen161
\aboverulesep=\dimen162
\abovetopsep=\dimen163
\cmidrulesep=\dimen164
\cmidrulekern=\dimen165
\defaultaddspace=\dimen166
\@cmidla=\count121
\@cmidlb=\count122
\@aboverulesep=\dimen167
\@belowrulesep=\dimen168
\@thisruleclass=\count123
\@lastruleclass=\count124
\@thisrulewidth=\dimen169
)
(/usr/share/texlive/texmf-dist/tex/latex/tools/array.sty
Package: array 2014/10/28 v2.4c Tabular extension package (FMi)
\col@sep=\dimen170
\extrarowheight=\dimen171
\NC@list=\toks28
\extratabsurround=\skip58
\backup@length=\skip59
)
(/usr/share/texlive/texmf-dist/tex/latex/tools/verbatim.sty
Package: verbatim 2014/10/28 v1.5q LaTeX2e package for verbatim enhancements
\every@verbatim=\toks29
\verbatim@line=\toks30
\verbatim@in@stream=\read1
)
(/usr/share/texlive/texmf-dist/tex/latex/natbib/natbib.sty
Package: natbib 2010/09/13 8.31b (PWD, AO)
\bibhang=\skip60
\bibsep=\skip61
LaTeX Info: Redefining \cite on input line 694.
\c@NAT@ctr=\count125
)
(/usr/share/texlive/texmf-dist/tex/latex/float/float.sty
Package: float 2001/11/08 v1.3d Float enhancements (AL)
\c@float@type=\count126
\float@exts=\toks31
\float@box=\box70
\@float@everytoks=\toks32
\@floatcapt=\box71
)
(/usr/share/texlive/texmf-dist/tex/latex/oberdiek/pdflscape.sty
Package: pdflscape 2008/08/11 v0.10 Display of landscape pages in PDF (HO)

(/usr/share/texlive/texmf-dist/tex/latex/graphics/lscape.sty
Package: lscape 2000/10/22 v3.01 Landscape Pages (DPC)
)
Package pdflscape Info: Auto-detected driver: dvips (dvips) on input line 124.

(/usr/share/texlive/texmf-dist/tex/generic/oberdiek/atbegshi.sty
Package: atbegshi 2011/10/05 v1.16 At begin shipout hook (HO)

(/usr/share/texlive/texmf-dist/tex/generic/oberdiek/infwarerr.sty
Package: infwarerr 2010/04/08 v1.3 Providing info/warning/error messages (HO)
)
(/usr/share/texlive/texmf-dist/tex/generic/oberdiek/ltxcmds.sty
Package: ltxcmds 2011/11/09 v1.22 LaTeX kernel commands for general use (HO)
)))
(/usr/share/texlive/texmf-dist/tex/latex/mathtools/mathtools.sty
Package: mathtools 2014/07/16 v1.15 mathematical typesetting tools

(/usr/share/texlive/texmf-dist/tex/latex/tools/calc.sty
Package: calc 2014/10/28 v4.3 Infix arithmetic (KKT,FJ)
\calc@Acount=\count127
\calc@Bcount=\count128
\calc@Adimen=\dimen172
\calc@Bdimen=\dimen173
\calc@Askip=\skip62
\calc@Bskip=\skip63
LaTeX Info: Redefining \setlength on input line 75.
LaTeX Info: Redefining \addtolength on input line 76.
\calc@Ccount=\count129
\calc@Cskip=\skip64
)
(/usr/share/texlive/texmf-dist/tex/latex/mathtools/mhsetup.sty
Package: mhsetup 2010/01/21 v1.2a programming setup (MH)
)
LaTeX Info: Thecontrolsequence`\['isalreadyrobust on input line 129.
LaTeX Info: Thecontrolsequence`\]'isalreadyrobust on input line 129.
\g_MT_multlinerow_int=\count130
\l_MT_multwidth_dim=\dimen174
\origjot=\skip65
\l_MT_shortvdotswithinadjustabove_dim=\dimen175
\l_MT_shortvdotswithinadjustbelow_dim=\dimen176
\l_MT_above_intertext_sep=\dimen177
\l_MT_below_intertext_sep=\dimen178
\l_MT_above_shortintertext_sep=\dimen179
\l_MT_below_shortintertext_sep=\dimen180
)
(/usr/share/texlive/texmf-dist/tex/latex/xcolor/xcolor.sty
Package: xcolor 2007/01/21 v2.11 LaTeX color extensions (UK)

(/usr/share/texlive/texmf-dist/tex/latex/latexconfig/color.cfg
File: color.cfg 2007/01/18 v1.5 color configuration of teTeX/TeXLive
)
Package xcolor Info: Package option `usenames' ignored on input line 216.
Package xcolor Info: Driver file: dvips.def on input line 225.
Package xcolor Info: Model `cmy' substituted by `cmy0' on input line 1337.
Package xcolor Info: Model `RGB' extended on input line 1353.
Package xcolor Info: Model `HTML' substituted by `rgb' on input line 1355.
Package xcolor Info: Model `Hsb' substituted by `hsb' on input line 1356.
Package xcolor Info: Model `tHsb' substituted by `hsb' on input line 1357.
Package xcolor Info: Model `HSB' substituted by `hsb' on input line 1358.
Package xcolor Info: Model `Gray' substituted by `gray' on input line 1359.
Package xcolor Info: Model `wave' substituted by `hsb' on input line 1360.

(/usr/share/texlive/texmf-dist/tex/latex/graphics/dvipsnam.def
File: dvipsnam.def 2014/04/23 v3.0j Driver-dependant file (DPC,SPQR)
))
(/usr/share/texlive/texmf-dist/tex/latex/tools/afterpage.sty
Package: afterpage 2014/10/28 v1.08 After-Page Package (DPC)
\AP@output=\toks33
\AP@partial=\box72
\AP@footins=\box73
)
(/usr/share/texlive/texmf-dist/tex/latex/pgf/frontendlayer/tikz.sty
(/usr/share/texlive/texmf-dist/tex/latex/pgf/basiclayer/pgf.sty
(/usr/share/texlive/texmf-dist/tex/latex/pgf/utilities/pgfrcs.sty
(/usr/share/texlive/texmf-dist/tex/generic/pgf/utilities/pgfutil-common.tex
\pgfutil@everybye=\toks34
\pgfutil@tempdima=\dimen181
\pgfutil@tempdimb=\dimen182

(/usr/share/texlive/texmf-dist/tex/generic/pgf/utilities/pgfutil-common-lists.t
ex)) (/usr/share/texlive/texmf-dist/tex/generic/pgf/utilities/pgfutil-latex.def
\pgfutil@abb=\box74
(/usr/share/texlive/texmf-dist/tex/latex/ms/everyshi.sty
Package: everyshi 2001/05/15 v3.00 EveryShipout Package (MS)
))
(/usr/share/texlive/texmf-dist/tex/generic/pgf/utilities/pgfrcs.code.tex
Package: pgfrcs 2013/12/20 v3.0.0 (rcs-revision 1.28)
))
Package: pgf 2013/12/18 v3.0.0 (rcs-revision 1.14)

(/usr/share/texlive/texmf-dist/tex/latex/pgf/basiclayer/pgfcore.sty
(/usr/share/texlive/texmf-dist/tex/latex/pgf/systemlayer/pgfsys.sty
(/usr/share/texlive/texmf-dist/tex/generic/pgf/systemlayer/pgfsys.code.tex
Package: pgfsys 2013/11/30 v3.0.0 (rcs-revision 1.47)

(/usr/share/texlive/texmf-dist/tex/generic/pgf/utilities/pgfkeys.code.tex
\pgfkeys@pathtoks=\toks35
\pgfkeys@temptoks=\toks36

(/usr/share/texlive/texmf-dist/tex/generic/pgf/utilities/pgfkeysfiltered.code.t
ex
\pgfkeys@tmptoks=\toks37
))
\pgf@x=\dimen183
\pgf@y=\dimen184
\pgf@xa=\dimen185
\pgf@ya=\dimen186
\pgf@xb=\dimen187
\pgf@yb=\dimen188
\pgf@xc=\dimen189
\pgf@yc=\dimen190
\w@pgf@writea=\write3
\r@pgf@reada=\read2
\c@pgf@counta=\count131
\c@pgf@countb=\count132
\c@pgf@countc=\count133
\c@pgf@countd=\count134
\t@pgf@toka=\toks38
\t@pgf@tokb=\toks39
\t@pgf@tokc=\toks40
 (/usr/share/texlive/texmf-dist/tex/generic/pgf/systemlayer/pgf.cfg
File: pgf.cfg 2008/05/14  (rcs-revision 1.7)
)
Driver file for pgf: pgfsys-dvips.def

(/usr/share/texlive/texmf-dist/tex/generic/pgf/systemlayer/pgfsys-dvips.def
File: pgfsys-dvips.def 2013/07/16  (rcs-revision 1.23)

(/usr/share/texlive/texmf-dist/tex/generic/pgf/systemlayer/pgfsys-common-postsc
ript.def
File: pgfsys-common-postscript.def 2008/10/01  (rcs-revision 1.22)
\pgf@objectcount=\count135
)))
(/usr/share/texlive/texmf-dist/tex/generic/pgf/systemlayer/pgfsyssoftpath.code.
tex
File: pgfsyssoftpath.code.tex 2013/09/09  (rcs-revision 1.9)
\pgfsyssoftpath@smallbuffer@items=\count136
\pgfsyssoftpath@bigbuffer@items=\count137
)
(/usr/share/texlive/texmf-dist/tex/generic/pgf/systemlayer/pgfsysprotocol.code.
tex
File: pgfsysprotocol.code.tex 2006/10/16  (rcs-revision 1.4)
))
(/usr/share/texlive/texmf-dist/tex/generic/pgf/basiclayer/pgfcore.code.tex
Package: pgfcore 2010/04/11 v3.0.0 (rcs-revision 1.7)

(/usr/share/texlive/texmf-dist/tex/generic/pgf/math/pgfmath.code.tex
(/usr/share/texlive/texmf-dist/tex/generic/pgf/math/pgfmathcalc.code.tex
(/usr/share/texlive/texmf-dist/tex/generic/pgf/math/pgfmathutil.code.tex)
(/usr/share/texlive/texmf-dist/tex/generic/pgf/math/pgfmathparser.code.tex
\pgfmath@dimen=\dimen191
\pgfmath@count=\count138
\pgfmath@box=\box75
\pgfmath@toks=\toks41
\pgfmath@stack@operand=\toks42
\pgfmath@stack@operation=\toks43
)
(/usr/share/texlive/texmf-dist/tex/generic/pgf/math/pgfmathfunctions.code.tex
(/usr/share/texlive/texmf-dist/tex/generic/pgf/math/pgfmathfunctions.basic.code
.tex)
(/usr/share/texlive/texmf-dist/tex/generic/pgf/math/pgfmathfunctions.trigonomet
ric.code.tex)
(/usr/share/texlive/texmf-dist/tex/generic/pgf/math/pgfmathfunctions.random.cod
e.tex)
(/usr/share/texlive/texmf-dist/tex/generic/pgf/math/pgfmathfunctions.comparison
.code.tex)
(/usr/share/texlive/texmf-dist/tex/generic/pgf/math/pgfmathfunctions.base.code.
tex)
(/usr/share/texlive/texmf-dist/tex/generic/pgf/math/pgfmathfunctions.round.code
.tex)
(/usr/share/texlive/texmf-dist/tex/generic/pgf/math/pgfmathfunctions.misc.code.
tex)
(/usr/share/texlive/texmf-dist/tex/generic/pgf/math/pgfmathfunctions.integerari
thmetics.code.tex)))
(/usr/share/texlive/texmf-dist/tex/generic/pgf/math/pgfmathfloat.code.tex
\c@pgfmathroundto@lastzeros=\count139
))
(/usr/share/texlive/texmf-dist/tex/generic/pgf/basiclayer/pgfcorepoints.code.te
x
File: pgfcorepoints.code.tex 2013/10/07  (rcs-revision 1.27)
\pgf@picminx=\dimen192
\pgf@picmaxx=\dimen193
\pgf@picminy=\dimen194
\pgf@picmaxy=\dimen195
\pgf@pathminx=\dimen196
\pgf@pathmaxx=\dimen197
\pgf@pathminy=\dimen198
\pgf@pathmaxy=\dimen199
\pgf@xx=\dimen200
\pgf@xy=\dimen201
\pgf@yx=\dimen202
\pgf@yy=\dimen203
\pgf@zx=\dimen204
\pgf@zy=\dimen205
)
(/usr/share/texlive/texmf-dist/tex/generic/pgf/basiclayer/pgfcorepathconstruct.
code.tex
File: pgfcorepathconstruct.code.tex 2013/10/07  (rcs-revision 1.29)
\pgf@path@lastx=\dimen206
\pgf@path@lasty=\dimen207
)
(/usr/share/texlive/texmf-dist/tex/generic/pgf/basiclayer/pgfcorepathusage.code
.tex
File: pgfcorepathusage.code.tex 2013/12/13  (rcs-revision 1.23)
\pgf@shorten@end@additional=\dimen208
\pgf@shorten@start@additional=\dimen209
)
(/usr/share/texlive/texmf-dist/tex/generic/pgf/basiclayer/pgfcorescopes.code.te
x
File: pgfcorescopes.code.tex 2013/10/09  (rcs-revision 1.44)
\pgfpic=\box76
\pgf@hbox=\box77
\pgf@layerbox@main=\box78
\pgf@picture@serial@count=\count140
)
(/usr/share/texlive/texmf-dist/tex/generic/pgf/basiclayer/pgfcoregraphicstate.c
ode.tex
File: pgfcoregraphicstate.code.tex 2013/09/19  (rcs-revision 1.11)
\pgflinewidth=\dimen210
)
(/usr/share/texlive/texmf-dist/tex/generic/pgf/basiclayer/pgfcoretransformation
s.code.tex
File: pgfcoretransformations.code.tex 2013/10/10  (rcs-revision 1.17)
\pgf@pt@x=\dimen211
\pgf@pt@y=\dimen212
\pgf@pt@temp=\dimen213
)
(/usr/share/texlive/texmf-dist/tex/generic/pgf/basiclayer/pgfcorequick.code.tex
File: pgfcorequick.code.tex 2008/10/09  (rcs-revision 1.3)
)
(/usr/share/texlive/texmf-dist/tex/generic/pgf/basiclayer/pgfcoreobjects.code.t
ex
File: pgfcoreobjects.code.tex 2006/10/11  (rcs-revision 1.2)
)
(/usr/share/texlive/texmf-dist/tex/generic/pgf/basiclayer/pgfcorepathprocessing
.code.tex
File: pgfcorepathprocessing.code.tex 2013/09/09  (rcs-revision 1.9)
)
(/usr/share/texlive/texmf-dist/tex/generic/pgf/basiclayer/pgfcorearrows.code.te
x
File: pgfcorearrows.code.tex 2013/11/07  (rcs-revision 1.40)
\pgfarrowsep=\dimen214
)
(/usr/share/texlive/texmf-dist/tex/generic/pgf/basiclayer/pgfcoreshade.code.tex
File: pgfcoreshade.code.tex 2013/07/15  (rcs-revision 1.15)
\pgf@max=\dimen215
\pgf@sys@shading@range@num=\count141
)
(/usr/share/texlive/texmf-dist/tex/generic/pgf/basiclayer/pgfcoreimage.code.tex
File: pgfcoreimage.code.tex 2013/07/15  (rcs-revision 1.18)

(/usr/share/texlive/texmf-dist/tex/generic/pgf/basiclayer/pgfcoreexternal.code.
tex
File: pgfcoreexternal.code.tex 2013/07/15  (rcs-revision 1.20)
\pgfexternal@startupbox=\box79
))
(/usr/share/texlive/texmf-dist/tex/generic/pgf/basiclayer/pgfcorelayers.code.te
x
File: pgfcorelayers.code.tex 2013/07/18  (rcs-revision 1.7)
)
(/usr/share/texlive/texmf-dist/tex/generic/pgf/basiclayer/pgfcoretransparency.c
ode.tex
File: pgfcoretransparency.code.tex 2013/09/30  (rcs-revision 1.5)
)
(/usr/share/texlive/texmf-dist/tex/generic/pgf/basiclayer/pgfcorepatterns.code.
tex
File: pgfcorepatterns.code.tex 2013/11/07  (rcs-revision 1.5)
)))
(/usr/share/texlive/texmf-dist/tex/generic/pgf/modules/pgfmoduleshapes.code.tex
File: pgfmoduleshapes.code.tex 2013/10/31  (rcs-revision 1.34)
\pgfnodeparttextbox=\box80
) (/usr/share/texlive/texmf-dist/tex/generic/pgf/modules/pgfmoduleplot.code.tex
File: pgfmoduleplot.code.tex 2013/07/31  (rcs-revision 1.12)
)
(/usr/share/texlive/texmf-dist/tex/latex/pgf/compatibility/pgfcomp-version-0-65
.sty
Package: pgfcomp-version-0-65 2007/07/03 v3.0.0 (rcs-revision 1.7)
\pgf@nodesepstart=\dimen216
\pgf@nodesepend=\dimen217
)
(/usr/share/texlive/texmf-dist/tex/latex/pgf/compatibility/pgfcomp-version-1-18
.sty
Package: pgfcomp-version-1-18 2007/07/23 v3.0.0 (rcs-revision 1.1)
)) (/usr/share/texlive/texmf-dist/tex/latex/pgf/utilities/pgffor.sty
(/usr/share/texlive/texmf-dist/tex/latex/pgf/utilities/pgfkeys.sty
(/usr/share/texlive/texmf-dist/tex/generic/pgf/utilities/pgfkeys.code.tex))
(/usr/share/texlive/texmf-dist/tex/latex/pgf/math/pgfmath.sty
(/usr/share/texlive/texmf-dist/tex/generic/pgf/math/pgfmath.code.tex))
(/usr/share/texlive/texmf-dist/tex/generic/pgf/utilities/pgffor.code.tex
Package: pgffor 2013/12/13 v3.0.0 (rcs-revision 1.25)

(/usr/share/texlive/texmf-dist/tex/generic/pgf/math/pgfmath.code.tex)
\pgffor@iter=\dimen218
\pgffor@skip=\dimen219
\pgffor@stack=\toks44
\pgffor@toks=\toks45
))
(/usr/share/texlive/texmf-dist/tex/generic/pgf/frontendlayer/tikz/tikz.code.tex
Package: tikz 2013/12/13 v3.0.0 (rcs-revision 1.142)

(/usr/share/texlive/texmf-dist/tex/generic/pgf/libraries/pgflibraryplothandlers
.code.tex
File: pgflibraryplothandlers.code.tex 2013/08/31 v3.0.0 (rcs-revision 1.20)
\pgf@plot@mark@count=\count142
\pgfplotmarksize=\dimen220
)
\tikz@lastx=\dimen221
\tikz@lasty=\dimen222
\tikz@lastxsaved=\dimen223
\tikz@lastysaved=\dimen224
\tikzleveldistance=\dimen225
\tikzsiblingdistance=\dimen226
\tikz@figbox=\box81
\tikz@figbox@bg=\box82
\tikz@tempbox=\box83
\tikz@tempbox@bg=\box84
\tikztreelevel=\count143
\tikznumberofchildren=\count144
\tikznumberofcurrentchild=\count145
\tikz@fig@count=\count146

(/usr/share/texlive/texmf-dist/tex/generic/pgf/modules/pgfmodulematrix.code.tex
File: pgfmodulematrix.code.tex 2013/09/17  (rcs-revision 1.8)
\pgfmatrixcurrentrow=\count147
\pgfmatrixcurrentcolumn=\count148
\pgf@matrix@numberofcolumns=\count149
)
\tikz@expandcount=\count150

(/usr/share/texlive/texmf-dist/tex/generic/pgf/frontendlayer/tikz/libraries/tik
zlibrarytopaths.code.tex
File: tikzlibrarytopaths.code.tex 2008/06/17 v3.0.0 (rcs-revision 1.2)
))) (./jp-Paper.aux)
\openout1 = `jp-Paper.aux'.

LaTeX Font Info:    Checking defaults for OML/cmm/m/it on input line 46.
LaTeX Font Info:    ... okay on input line 46.
LaTeX Font Info:    Checking defaults for T1/cmr/m/n on input line 46.
LaTeX Font Info:    ... okay on input line 46.
LaTeX Font Info:    Checking defaults for OT1/cmr/m/n on input line 46.
LaTeX Font Info:    ... okay on input line 46.
LaTeX Font Info:    Checking defaults for OMS/cmsy/m/n on input line 46.
LaTeX Font Info:    ... okay on input line 46.
LaTeX Font Info:    Checking defaults for OMX/cmex/m/n on input line 46.
LaTeX Font Info:    ... okay on input line 46.
LaTeX Font Info:    Checking defaults for U/cmr/m/n on input line 46.
LaTeX Font Info:    ... okay on input line 46.
LaTeX Font Info:    Checking defaults for JY1/mc/m/n on input line 46.
LaTeX Font Info:    ... okay on input line 46.
LaTeX Font Info:    Checking defaults for JT1/mc/m/n on input line 46.
LaTeX Font Info:    ... okay on input line 46.
LaTeX Font Info:    Try loading font information for U+msa on input line 46.

(/usr/share/texlive/texmf-dist/tex/latex/amsfonts/umsa.fd
File: umsa.fd 2013/01/14 v3.01 AMS symbols A
)
LaTeX Font Info:    Try loading font information for U+msb on input line 46.

(/usr/share/texlive/texmf-dist/tex/latex/amsfonts/umsb.fd
File: umsb.fd 2013/01/14 v3.01 AMS symbols B
)
Package caption Info: Begin \AtBeginDocument code.
Package caption Info: subfig package v1.3 is loaded.
Package caption Info: float package is loaded.
Package caption Info: End \AtBeginDocument code.

*geometry* driver: auto-detecting
*geometry* detected driver: dvips
*geometry* verbose mode - [ preamble ] result:
* driver: dvips
* paper: a4paper
* layout: <same size as paper>
* layoutoffset:(h,v)=(0.0pt,0.0pt)
* modes: includehead includefoot 
* h-part:(L,W,R)=(56.90552pt, 483.69684pt, 56.90552pt)
* v-part:(T,H,B)=(51.21495pt, 731.23584pt, 62.59605pt)
* \paperwidth=597.50787pt
* \paperheight=845.04684pt
* \textwidth=483.69684pt
* \textheight=697.23584pt
* \oddsidemargin=-15.36447pt
* \evensidemargin=-15.36447pt
* \topmargin=-21.05504pt
* \headheight=8.0pt
* \headsep=14.0pt
* \topskip=10.0pt
* \footskip=12.0pt
* \marginparwidth=90.0pt
* \marginparsep=11.0pt
* \columnsep=10.0pt
* \skip\footins=7.0pt plus 11.0pt
* \hoffset=0.0pt
* \voffset=0.0pt
* \mag=1000
* \@twocolumnfalse
* \@twosidefalse
* \@mparswitchfalse
* \@reversemarginfalse
* (1in=72.27pt=25.4mm, 1cm=28.453pt)

\AtBeginShipoutBox=\box85
ABD: EveryShipout initializing macros

LaTeX Font Warning: Font shape `JT1/mc/m/sc' undefined
(Font)              using `JT1/mc/m/n' instead on input line 51.


LaTeX Font Warning: Font shape `JY1/mc/m/sc' undefined
(Font)              using `JY1/mc/m/n' instead on input line 51.

LaTeX Font Info:    Font shape `JT1/mc/bx/n' in size <9> not available
(Font)              Font shape `JT1/gt/m/n' tried instead on input line 60.
LaTeX Font Info:    Font shape `JY1/mc/bx/n' in size <9> not available
(Font)              Font shape `JY1/gt/m/n' tried instead on input line 60.
LaTeX Font Info:    Font shape `JT1/mc/bx/n' in size <8> not available
(Font)              Font shape `JT1/gt/m/n' tried instead on input line 60.
LaTeX Font Info:    Font shape `JY1/mc/bx/n' in size <8> not available
(Font)              Font shape `JY1/gt/m/n' tried instead on input line 60.
[1]

LaTeX Font Warning: Font shape `JT1/mc/m/it' undefined
(Font)              using `JT1/mc/m/n' instead on input line 195.


LaTeX Font Warning: Font shape `JY1/mc/m/it' undefined
(Font)              using `JY1/mc/m/n' instead on input line 195.


Underfull \hbox (badness 5091) in paragraph at lines 268--270
[]\JY1/mc/m/sc/9 これはブロ ッ クチ ェ ーンパラダイムの基礎であり、
 []

LaTeX Font Info:    Font shape `JT1/mc/bx/n' in size <5> not available
(Font)              Font shape `JT1/gt/m/n' tried instead on input line 327.
LaTeX Font Info:    Font shape `JY1/mc/bx/n' in size <5> not available
(Font)              Font shape `JY1/gt/m/n' tried instead on input line 327.
[2]
Underfull \hbox (badness 10000) in paragraph at lines 435--436
[]\OT1/cmr/m/n/9 Having in-tro-duced the ba-sic con-cepts be-hind
 []

[3]

Package multicol Warning: I moved some lines to the next page.
(multicol)                Footnotes on page 4 might be wrong on input line 551.



Overfull \vbox (4.76pt too high) has occurred while \output is active []

 [4]

LaTeX Font Warning: Command \small invalid in math mode on input line 599.


LaTeX Font Warning: Command \tiny invalid in math mode on input line 628.


Package multicol Warning: I moved some lines to the next page.
(multicol)                Footnotes on page 5 might be wrong on input line 629.



Overfull \vbox (4.76pt too high) has occurred while \output is active []

 [5]

LaTeX Font Warning: Command \small invalid in math mode on input line 638.


LaTeX Font Warning: Command \small invalid in math mode on input line 639.


LaTeX Font Warning: Command \small invalid in math mode on input line 639.


LaTeX Font Warning: Command \small invalid in math mode on input line 640.


LaTeX Font Warning: Command \small invalid in math mode on input line 641.


Overfull \hbox (4.18193pt too wide) detected at line 644
[]
 []


LaTeX Font Warning: Command \small invalid in math mode on input line 648.


LaTeX Font Warning: Command \small invalid in math mode on input line 648.


LaTeX Font Warning: Command \small invalid in math mode on input line 653.


LaTeX Font Warning: Command \tiny invalid in math mode on input line 695.


LaTeX Font Warning: Command \tiny invalid in math mode on input line 695.


Overfull \hbox (1.53131pt too wide) detected at line 710
\OML/cmm/m/it/9 D\OT1/cmr/m/n/9 (\OML/cmm/m/it/9 H\OT1/cmr/m/n/9 ) \OMS/cmsy/m/
n/9 ^^Q []
 []

[6] [7]

LaTeX Font Warning: Command \tiny invalid in math mode on input line 897.


LaTeX Font Warning: Command \tiny invalid in math mode on input line 897.


LaTeX Font Warning: Command \tiny invalid in math mode on input line 900.


LaTeX Font Warning: Command \tiny invalid in math mode on input line 900.


LaTeX Font Warning: Command \tiny invalid in math mode on input line 907.


LaTeX Font Warning: Command \tiny invalid in math mode on input line 907.

[8]

LaTeX Font Warning: Command \tiny invalid in math mode on input line 992.


LaTeX Font Warning: Command \tiny invalid in math mode on input line 992.


LaTeX Font Warning: Command \tiny invalid in math mode on input line 1018.

[9]

LaTeX Font Warning: Command \tiny invalid in math mode on input line 1021.

[10]
Overfull \hbox (5.9782pt too wide) detected at line 1178
\OML/cmm/m/it/9 D[]\OT1/cmr/m/n/9 (\OT1/cmr/bx/n/9 c\OML/cmm/m/it/9 ; i\OT1/cmr
/m/n/9 ) \OMS/cmsy/m/n/9 ^^Q []
 []


Overfull \hbox (5.45526pt too wide) detected at line 1185
\OML/cmm/m/it/9 N\OT1/cmr/m/n/9 (\OML/cmm/m/it/9 i; w\OT1/cmr/m/n/9 ) \OMS/cmsy
/m/n/9 ^^Q []
 []

[11]

LaTeX Font Warning: Command \small invalid in math mode on input line 1308.


Overfull \hbox (5.2667pt too wide) detected at line 1310
\OT1/cmr/m/n/9 ^^@(\OML/cmm/m/it/9 B\OT1/cmr/m/n/9 ) \OMS/cmsy/m/n/9 ^^Q []
 []


LaTeX Font Warning: Command \small invalid in math mode on input line 1312.

[12] [13] (./jp-Paper.bbl

LaTeX Font Warning: Font shape `JT1/gt/m/it' undefined
(Font)              using `JT1/gt/m/n' instead on input line 11.


LaTeX Font Warning: Font shape `JY1/gt/m/it' undefined
(Font)              using `JY1/gt/m/n' instead on input line 11.

[14]
Missing character: There is no ^^e2 in font cmr9!
Missing character: There is no ^^80 in font cmr9!
Missing character: There is no ^^93 in font cmr9!
Missing character: There is no ^^e2 in font cmr9!
Missing character: There is no ^^80 in font cmr9!
Missing character: There is no ^^93 in font cmr9!

Underfull \hbox (badness 10000) in paragraph at lines 46--51
[]\OT1/cmr/m/n/9 Phong Vo Glenn Fowler, Lan-don Curt Noll.
 []


Underfull \hbox (badness 10000) in paragraph at lines 46--51
\OT1/cmr/m/n/9 Fowler-Nol-lVo hash func-tion.  1991.  URL
 []


Underfull \hbox (badness 10000) in paragraph at lines 46--51
\OT1/cmtt/m/n/9 {https : / / en . wikipedia . org / wiki / Fowler % E2 % 80 %
 []


Underfull \hbox (badness 7291) in paragraph at lines 84--89
[]\OT1/cmr/m/n/9 Yonatan Som-polin-sky and Aviv Zo-har.  Ac-cel-
 []


Underfull \hbox (badness 10000) in paragraph at lines 84--89
\OT1/cmr/m/n/9 er-at-ing Bit-coin's Trans-ac-tion Pro-cess-ing. Fast
 []


Underfull \hbox (badness 10000) in paragraph at lines 84--89
\OT1/cmtt/m/n/9 {CryptologyePrintArchive ,[] Report2013 / 881}$\OT1/cmr/m/n/9 .

 []

)
Underfull \vbox (badness 1436) has occurred while \output is active []

 [15]

LaTeX Font Warning: Command \tiny invalid in math mode on input line 1473.


LaTeX Font Warning: Command \tiny invalid in math mode on input line 1475.


LaTeX Font Warning: Command \tiny invalid in math mode on input line 1491.


LaTeX Font Warning: Command \tiny invalid in math mode on input line 1491.


LaTeX Font Warning: Command \tiny invalid in math mode on input line 1493.


LaTeX Font Warning: Command \tiny invalid in math mode on input line 1497.


LaTeX Font Warning: Command \tiny invalid in math mode on input line 1510.


LaTeX Font Warning: Command \tiny invalid in math mode on input line 1510.


LaTeX Font Warning: Command \tiny invalid in math mode on input line 1512.


LaTeX Font Warning: Command \tiny invalid in math mode on input line 1512.


LaTeX Font Warning: Command \tiny invalid in math mode on input line 1517.


LaTeX Font Warning: Command \tiny invalid in math mode on input line 1517.


LaTeX Font Warning: Command \tiny invalid in math mode on input line 1517.

[16]

LaTeX Font Warning: Command \tiny invalid in math mode on input line 1527.


LaTeX Font Warning: Command \tiny invalid in math mode on input line 1530.

LaTeX Font Info:    Try loading font information for U+euf on input line 1544.
(/usr/share/texlive/texmf-dist/tex/latex/amsfonts/ueuf.fd
File: ueuf.fd 2013/01/14 v3.01 Euler Fraktur
) [17]

LaTeX Font Warning: Command \tiny invalid in math mode on input line 1616.


LaTeX Font Warning: Command \tiny invalid in math mode on input line 1620.


LaTeX Font Warning: Command \tiny invalid in math mode on input line 1623.


LaTeX Font Warning: Command \tiny invalid in math mode on input line 1623.


LaTeX Font Warning: Command \tiny invalid in math mode on input line 1636.


LaTeX Font Warning: Command \tiny invalid in math mode on input line 1640.


Underfull \vbox (badness 7397) has occurred while \output is active []

 [18]

LaTeX Font Warning: Command \small invalid in math mode on input line 1645.


LaTeX Font Warning: Command \small invalid in math mode on input line 1646.


LaTeX Font Warning: Command \tiny invalid in math mode on input line 1664.


LaTeX Font Warning: Command \small invalid in math mode on input line 1666.


LaTeX Font Warning: Command \small invalid in math mode on input line 1666.


LaTeX Font Warning: Command \small invalid in math mode on input line 1666.


LaTeX Font Warning: Command \small invalid in math mode on input line 1668.


LaTeX Font Warning: Command \small invalid in math mode on input line 1669.


LaTeX Font Warning: Command \small invalid in math mode on input line 1670.


LaTeX Font Warning: Command \tiny invalid in math mode on input line 1677.


LaTeX Font Warning: Command \tiny invalid in math mode on input line 1678.


LaTeX Font Warning: Command \tiny invalid in math mode on input line 1684.


LaTeX Font Warning: Command \tiny invalid in math mode on input line 1690.


LaTeX Font Warning: Command \small invalid in math mode on input line 1690.


LaTeX Font Warning: Command \small invalid in math mode on input line 1699.


LaTeX Font Warning: Command \small invalid in math mode on input line 1705.


LaTeX Font Warning: Command \tiny invalid in math mode on input line 1710.


LaTeX Font Warning: Command \small invalid in math mode on input line 1710.

[19]
Overfull \hbox (40.7249pt too wide) in alignment at lines 1722--1760
[][][] 
 []


Overfull \hbox (12.0pt too wide) in paragraph at lines 1722--1761
[][] 
 []


Overfull \hbox (28.9864pt too wide) detected at line 1797
\OML/cmm/m/it/9 C\OT1/cmr/m/n/9 ([]\OML/cmm/m/it/9 ; []; I\OT1/cmr/m/n/9 ) \OMS
/cmsy/m/n/9 ^^Q \OML/cmm/m/it/9 C[]\OT1/cmr/m/n/9 ([][]) \OMS/cmsy/m/n/9 ^^@ \O
ML/cmm/m/it/9 C[]\OT1/cmr/m/n/9 ([][]) + []
 []


Underfull \vbox (badness 4872) has occurred while \output is active []

 [20]
LaTeX Font Info:    Try loading font information for OMS+cmr on input line 1811
.

(/usr/share/texlive/texmf-dist/tex/latex/base/omscmr.fd
File: omscmr.fd 2014/09/29 v2.5h Standard LaTeX font definitions
)
LaTeX Font Info:    Font shape `OMS/cmr/m/n' in size <9> not available
(Font)              Font shape `OMS/cmsy/m/n' tried instead on input line 1811.

 [21]
Underfull \hbox (badness 10000) in alignment at lines 1849--1894
[][][][][] 
 []


Overfull \hbox (12.0pt too wide) in paragraph at lines 1849--1895
[][] 
 []


Overfull \hbox (25.80482pt too wide) in alignment at lines 1896--1936
[][][][][] 
 []


Overfull \hbox (12.0pt too wide) in paragraph at lines 1896--1937
[][] 
 []


Underfull \vbox (badness 10000) has occurred while \output is active []

 [22]

LaTeX Font Warning: Command \tiny invalid in math mode on input line 1943.


Underfull \hbox (badness 10000) in alignment at lines 1938--1946
[][][][][] 
 []


Overfull \hbox (12.0pt too wide) in paragraph at lines 1938--1947
[][] 
 []


Overfull \hbox (29.28236pt too wide) in alignment at lines 1948--2002
[][][][][] 
 []


Overfull \hbox (12.0pt too wide) in paragraph at lines 1948--2003
[][] 
 []


Underfull \vbox (badness 10000) has occurred while \output is active []

 [23]
Overfull \hbox (34.20691pt too wide) in alignment at lines 2004--2032
[][][][][] 
 []


Overfull \hbox (12.0pt too wide) in paragraph at lines 2004--2033
[][] 
 []


Underfull \vbox (badness 10000) has occurred while \output is active []

 [24]
Underfull \hbox (badness 10000) in alignment at lines 2034--2088
[][][][][] 
 []


Overfull \hbox (12.0pt too wide) in paragraph at lines 2034--2089
[][] 
 []


Underfull \vbox (badness 10000) has occurred while \output is active []

 [25]
Underfull \hbox (badness 10000) in alignment at lines 2090--2113
[][][][][] 
 []


Overfull \hbox (12.0pt too wide) in paragraph at lines 2090--2114
[][] 
 []


Underfull \vbox (badness 10000) has occurred while \output is active []

 [26]
Underfull \hbox (badness 10000) in alignment at lines 2115--2130
[][][][][] 
 []


Overfull \hbox (12.0pt too wide) in paragraph at lines 2115--2131
[][] 
 []


Underfull \hbox (badness 10000) in alignment at lines 2132--2150
[][][][][] 
 []


Overfull \hbox (12.0pt too wide) in paragraph at lines 2132--2151
[][] 
 []


Underfull \hbox (badness 10000) in alignment at lines 2152--2170
[][][][][] 
 []


Overfull \hbox (12.0pt too wide) in paragraph at lines 2152--2171
[][] 
 []


Underfull \vbox (badness 10000) has occurred while \output is active []

 [27]
Overfull \hbox (14.8293pt too wide) in alignment at lines 2172--2240
[][][][][] 
 []


Overfull \hbox (12.0pt too wide) in paragraph at lines 2172--2241
[][] 
 []


Underfull \vbox (badness 10000) has occurred while \output is active []

 [28]
Overfull \vbox (19.82185pt too high) has occurred while \output is active []


[29]

LaTeX Font Warning: Command \tiny invalid in math mode on input line 2249.


LaTeX Font Warning: Command \tiny invalid in math mode on input line 2249.


LaTeX Font Warning: Command \tiny invalid in math mode on input line 2249.


LaTeX Font Warning: Command \tiny invalid in math mode on input line 2252.


LaTeX Font Warning: Command \tiny invalid in math mode on input line 2252.


LaTeX Font Warning: Command \tiny invalid in math mode on input line 2252.


Underfull \hbox (badness 10000) in alignment at lines 2260--2276
[][][] 
 []


Overfull \hbox (12.0pt too wide) in paragraph at lines 2260--2277
[][] 
 []

[30]

LaTeX Font Warning: Command \small invalid in math mode on input line 2383.


LaTeX Font Warning: Command \small invalid in math mode on input line 2383.


LaTeX Font Warning: Command \small invalid in math mode on input line 2383.


LaTeX Font Warning: Command \small invalid in math mode on input line 2383.


LaTeX Font Warning: Command \small invalid in math mode on input line 2383.


LaTeX Font Warning: Command \small invalid in math mode on input line 2383.

[31] [32] (./jp-Paper.aux)

LaTeX Font Warning: Some font shapes were not available, defaults substituted.

 ) 
Here is how much of TeX's memory you used:
 15180 strings out of 494934
 285825 string characters out of 6180148
 360266 words of memory out of 5000000
 18051 multiletter control sequences out of 15000+600000
 22068 words of font info for 88 fonts, out of 8000000 for 9000
 425 hyphenation exceptions out of 8191
 55i,23n,54p,1005b,685s stack positions out of 5000i,500n,10000p,200000b,80000s

Output written on jp-Paper.dvi (32 pages, 243020 bytes).
